  CNN v2.cpp
C:\Users\admlocal\Desktop\KI\Project\CNN v3\Dense.h(20,14): warning C4305: "Initialisierung": Verkürzung von "double" in "float"
C:\Users\admlocal\Desktop\KI\Project\CNN v3\Dense.h(33,12): warning C4305: "Initialisierung": Verkürzung von "double" in "float"
C:\Users\admlocal\Desktop\KI\Project\CNN v3\Dense.h(34,13): warning C4305: "Initialisierung": Verkürzung von "double" in "float"
C:\Users\admlocal\Desktop\KI\Project\CNN v3\Dense.h(35,13): warning C4305: "Initialisierung": Verkürzung von "double" in "float"
C:\Users\admlocal\Desktop\KI\Project\CNN v3\Conv.h(24,14): warning C4305: "Initialisierung": Verkürzung von "double" in "float"
C:\Users\admlocal\Desktop\KI\Project\CNN v3\Conv.h(25,12): warning C4305: "Initialisierung": Verkürzung von "double" in "float"
C:\Users\admlocal\Desktop\KI\Project\CNN v3\Conv.h(26,13): warning C4305: "Initialisierung": Verkürzung von "double" in "float"
C:\Users\admlocal\Desktop\KI\Project\CNN v3\Conv.h(27,13): warning C4305: "Initialisierung": Verkürzung von "double" in "float"
C:\Users\admlocal\Desktop\KI\Project\CNN v3\MultiDense.h(17,14): warning C4305: "Initialisierung": Verkürzung von "double" in "float"
C:\Users\admlocal\Desktop\KI\Project\CNN v3\MultiDense.h(22,15): warning C4305: "Initialisierung": Verkürzung von "double" in "float"
C:\Users\admlocal\Desktop\KI\Project\CNN v3\MultiDense.h(41,12): warning C4305: "Initialisierung": Verkürzung von "double" in "float"
C:\Users\admlocal\Desktop\KI\Project\CNN v3\MultiDense.h(42,13): warning C4305: "Initialisierung": Verkürzung von "double" in "float"
C:\Users\admlocal\Desktop\KI\Project\CNN v3\MultiDense.h(43,13): warning C4305: "Initialisierung": Verkürzung von "double" in "float"
C:\Users\admlocal\Desktop\KI\Project\CNN v3\MultiDense2.h(17,14): warning C4305: "Initialisierung": Verkürzung von "double" in "float"
C:\Users\admlocal\Desktop\KI\Project\CNN v3\MultiDense2.h(22,15): warning C4305: "Initialisierung": Verkürzung von "double" in "float"
C:\Users\admlocal\Desktop\KI\Project\CNN v3\MultiDense2.h(42,12): warning C4305: "Initialisierung": Verkürzung von "double" in "float"
C:\Users\admlocal\Desktop\KI\Project\CNN v3\MultiDense2.h(43,11): warning C4305: "Initialisierung": Verkürzung von "double" in "float"
C:\Users\admlocal\Desktop\KI\Project\CNN v3\MultiDense2.h(44,11): warning C4305: "Initialisierung": Verkürzung von "double" in "float"
C:\Users\admlocal\Desktop\KI\Project\CNN v3\MultiDenseInput.h(17,15): warning C4305: "Initialisierung": Verkürzung von "double" in "float"
C:\Users\admlocal\Desktop\KI\Project\CNN v3\MultiDenseInput.h(19,12): warning C4305: "Initialisierung": Verkürzung von "double" in "float"
C:\Users\admlocal\Desktop\KI\Project\CNN v3\MultiDenseInput.h(20,11): warning C4305: "Initialisierung": Verkürzung von "double" in "float"
C:\Users\admlocal\Desktop\KI\Project\CNN v3\MultiDenseInput.h(21,11): warning C4305: "Initialisierung": Verkürzung von "double" in "float"
C:\Users\admlocal\Desktop\KI\Project\CNN v3\CNN v2.cpp(160,30): warning C4018: "<": Konflikt zwischen "signed" und "unsigned"
C:\Users\admlocal\Desktop\KI\Project\CNN v3\CNN v2.cpp(162,14): warning C4244: "Argument": Konvertierung von "time_t" in "unsigned int", möglicher Datenverlust
C:\Users\admlocal\Desktop\KI\Project\CNN v3\CNN v2.cpp(163,31): warning C4018: "<": Konflikt zwischen "signed" und "unsigned"
  Conv.cpp
C:\Users\admlocal\Desktop\KI\Project\CNN v3\Conv.h(24,14): warning C4305: "Initialisierung": Verkürzung von "double" in "float"
C:\Users\admlocal\Desktop\KI\Project\CNN v3\Conv.h(25,12): warning C4305: "Initialisierung": Verkürzung von "double" in "float"
C:\Users\admlocal\Desktop\KI\Project\CNN v3\Conv.h(26,13): warning C4305: "Initialisierung": Verkürzung von "double" in "float"
C:\Users\admlocal\Desktop\KI\Project\CNN v3\Conv.h(27,13): warning C4305: "Initialisierung": Verkürzung von "double" in "float"
C:\Users\admlocal\Desktop\KI\Project\CNN v3\Conv.cpp(14,29): warning C4018: "<": Konflikt zwischen "signed" und "unsigned"
C:\Users\admlocal\Desktop\KI\Project\CNN v3\Conv.cpp(18,29): warning C4018: "<": Konflikt zwischen "signed" und "unsigned"
C:\Users\admlocal\Desktop\KI\Project\CNN v3\Conv.cpp(57,50): warning C4018: "<": Konflikt zwischen "signed" und "unsigned"
C:\Users\admlocal\Desktop\KI\Project\CNN v3\Conv.cpp(59,33): warning C4018: "<": Konflikt zwischen "signed" und "unsigned"
C:\Users\admlocal\Desktop\KI\Project\CNN v3\Conv.cpp(64,33): warning C4018: "<": Konflikt zwischen "signed" und "unsigned"
C:\Users\admlocal\Desktop\KI\Project\CNN v3\Conv.cpp(65,34): warning C4018: "<": Konflikt zwischen "signed" und "unsigned"
C:\Users\admlocal\Desktop\KI\Project\CNN v3\Conv.cpp(66,35): warning C4018: "<": Konflikt zwischen "signed" und "unsigned"
C:\Users\admlocal\Desktop\KI\Project\CNN v3\Conv.cpp(101,31): warning C4018: "<": Konflikt zwischen "signed" und "unsigned"
C:\Users\admlocal\Desktop\KI\Project\CNN v3\Conv.cpp(106,31): warning C4018: "<": Konflikt zwischen "signed" und "unsigned"
C:\Users\admlocal\Desktop\KI\Project\CNN v3\Conv.cpp(107,32): warning C4018: "<": Konflikt zwischen "signed" und "unsigned"
C:\Users\admlocal\Desktop\KI\Project\CNN v3\Conv.cpp(108,33): warning C4018: "<": Konflikt zwischen "signed" und "unsigned"
C:\Users\admlocal\Desktop\KI\Project\CNN v3\Conv.cpp(163,30): warning C4018: "<": Konflikt zwischen "signed" und "unsigned"
C:\Users\admlocal\Desktop\KI\Project\CNN v3\Conv.cpp(166,31): warning C4018: "<": Konflikt zwischen "signed" und "unsigned"
C:\Users\admlocal\Desktop\KI\Project\CNN v3\Conv.cpp(167,32): warning C4018: "<": Konflikt zwischen "signed" und "unsigned"
C:\Users\admlocal\Desktop\KI\Project\CNN v3\Conv.cpp(179,30): warning C4018: "<": Konflikt zwischen "signed" und "unsigned"
C:\Users\admlocal\Desktop\KI\Project\CNN v3\Conv.cpp(180,31): warning C4018: "<": Konflikt zwischen "signed" und "unsigned"
C:\Users\admlocal\Desktop\KI\Project\CNN v3\Conv.cpp(181,32): warning C4018: "<": Konflikt zwischen "signed" und "unsigned"
C:\Users\admlocal\Desktop\KI\Project\CNN v3\Conv.cpp(191,30): warning C4018: "<": Konflikt zwischen "signed" und "unsigned"
C:\Users\admlocal\Desktop\KI\Project\CNN v3\Conv.cpp(193,32): warning C4018: "<": Konflikt zwischen "signed" und "unsigned"
C:\Users\admlocal\Desktop\KI\Project\CNN v3\Conv.cpp(194,33): warning C4018: "<": Konflikt zwischen "signed" und "unsigned"
C:\Users\admlocal\Desktop\KI\Project\CNN v3\Conv.cpp(199,48): warning C4244: "/=": Konvertierung von "double" in "_Ty", möglicher Datenverlust
          with
          [
              _Ty=float
          ]
C:\Users\admlocal\Desktop\KI\Project\CNN v3\Conv.cpp(204,30): warning C4018: "<": Konflikt zwischen "signed" und "unsigned"
C:\Users\admlocal\Desktop\KI\Project\CNN v3\Conv.cpp(206,32): warning C4018: "<": Konflikt zwischen "signed" und "unsigned"
C:\Users\admlocal\Desktop\KI\Project\CNN v3\Conv.cpp(207,33): warning C4018: "<": Konflikt zwischen "signed" und "unsigned"
C:\Users\admlocal\Desktop\KI\Project\CNN v3\Conv.cpp(218,30): warning C4018: "<": Konflikt zwischen "signed" und "unsigned"
C:\Users\admlocal\Desktop\KI\Project\CNN v3\Conv.cpp(221,32): warning C4018: "<": Konflikt zwischen "signed" und "unsigned"
C:\Users\admlocal\Desktop\KI\Project\CNN v3\Conv.cpp(222,33): warning C4018: "<": Konflikt zwischen "signed" und "unsigned"
C:\Users\admlocal\Desktop\KI\Project\CNN v3\Conv.cpp(238,30): warning C4018: "<": Konflikt zwischen "signed" und "unsigned"
C:\Users\admlocal\Desktop\KI\Project\CNN v3\Conv.cpp(241,32): warning C4018: "<": Konflikt zwischen "signed" und "unsigned"
C:\Users\admlocal\Desktop\KI\Project\CNN v3\Conv.cpp(242,33): warning C4018: "<": Konflikt zwischen "signed" und "unsigned"
C:\Users\admlocal\Desktop\KI\Project\CNN v3\Conv.cpp(285,50): warning C4018: "<": Konflikt zwischen "signed" und "unsigned"
C:\Users\admlocal\Desktop\KI\Project\CNN v3\Conv.cpp(286,33): warning C4018: "<": Konflikt zwischen "signed" und "unsigned"
C:\Users\admlocal\Desktop\KI\Project\CNN v3\Conv.cpp(405,50): warning C4018: "<": Konflikt zwischen "signed" und "unsigned"
C:\Users\admlocal\Desktop\KI\Project\CNN v3\Conv.cpp(407,35): warning C4018: "<": Konflikt zwischen "signed" und "unsigned"
C:\Users\admlocal\Desktop\KI\Project\CNN v3\Conv.cpp(409,34): warning C4018: "<": Konflikt zwischen "signed" und "unsigned"
C:\Users\admlocal\Desktop\KI\Project\CNN v3\Conv.cpp(422,33): warning C4018: "<": Konflikt zwischen "signed" und "unsigned"
C:\Users\admlocal\Desktop\KI\Project\CNN v3\Conv.cpp(423,34): warning C4018: "<": Konflikt zwischen "signed" und "unsigned"
C:\Users\admlocal\Desktop\KI\Project\CNN v3\Conv.cpp(424,37): warning C4018: "<": Konflikt zwischen "signed" und "unsigned"
C:\Users\admlocal\Desktop\KI\Project\CNN v3\Conv.cpp(451,29): warning C4018: "<": Konflikt zwischen "signed" und "unsigned"
C:\Users\admlocal\Desktop\KI\Project\CNN v3\Conv.cpp(452,30): warning C4018: "<": Konflikt zwischen "signed" und "unsigned"
C:\Users\admlocal\Desktop\KI\Project\CNN v3\Conv.cpp(453,31): warning C4018: "<": Konflikt zwischen "signed" und "unsigned"
C:\Users\admlocal\Desktop\KI\Project\CNN v3\Conv.cpp(454,32): warning C4018: "<": Konflikt zwischen "signed" und "unsigned"
C:\Users\admlocal\Desktop\KI\Project\CNN v3\Conv.cpp(552,30): warning C4018: "<": Konflikt zwischen "signed" und "unsigned"
C:\Users\admlocal\Desktop\KI\Project\CNN v3\Conv.cpp(554,40): warning C4244: "=": Konvertierung von "double" in "_Ty", möglicher Datenverlust
          with
          [
              _Ty=float
          ]
C:\Users\admlocal\Desktop\KI\Project\CNN v3\Conv.cpp(556,42): warning C4244: "=": Konvertierung von "double" in "_Ty", möglicher Datenverlust
          with
          [
              _Ty=float
          ]
C:\Users\admlocal\Desktop\KI\Project\CNN v3\Conv.cpp(557,19): warning C4244: "Initialisierung": Konvertierung von "double" in "float", möglicher Datenverlust
C:\Users\admlocal\Desktop\KI\Project\CNN v3\Conv.cpp(558,19): warning C4244: "Initialisierung": Konvertierung von "double" in "float", möglicher Datenverlust
C:\Users\admlocal\Desktop\KI\Project\CNN v3\Conv.cpp(559,20): warning C4244: "Initialisierung": Konvertierung von "double" in "float", möglicher Datenverlust
C:\Users\admlocal\Desktop\KI\Project\CNN v3\Conv.cpp(560,20): warning C4244: "Initialisierung": Konvertierung von "double" in "float", möglicher Datenverlust
C:\Users\admlocal\Desktop\KI\Project\CNN v3\Conv.cpp(561,58): warning C4244: "-=": Konvertierung von "double" in "_Ty", möglicher Datenverlust
          with
          [
              _Ty=float
          ]
C:\Users\admlocal\Desktop\KI\Project\CNN v3\Conv.cpp(562,61): warning C4244: "-=": Konvertierung von "double" in "_Ty", möglicher Datenverlust
          with
          [
              _Ty=float
          ]
C:\Users\admlocal\Desktop\KI\Project\CNN v3\Conv.cpp(568,44): warning C4244: "=": Konvertierung von "double" in "_Ty", möglicher Datenverlust
          with
          [
              _Ty=float
          ]
C:\Users\admlocal\Desktop\KI\Project\CNN v3\Conv.cpp(569,21): warning C4244: "Initialisierung": Konvertierung von "double" in "float", möglicher Datenverlust
C:\Users\admlocal\Desktop\KI\Project\CNN v3\Conv.cpp(570,21): warning C4244: "Initialisierung": Konvertierung von "double" in "float", möglicher Datenverlust
C:\Users\admlocal\Desktop\KI\Project\CNN v3\Conv.cpp(571,64): warning C4244: "-=": Konvertierung von "double" in "_Ty", möglicher Datenverlust
          with
          [
              _Ty=float
          ]
C:\Users\admlocal\Desktop\KI\Project\CNN v3\Conv.cpp(580,64): warning C4244: "=": Konvertierung von "double" in "_Ty", möglicher Datenverlust
          with
          [
              _Ty=float
          ]
C:\Users\admlocal\Desktop\KI\Project\CNN v3\Conv.cpp(581,23): warning C4244: "Initialisierung": Konvertierung von "double" in "float", möglicher Datenverlust
C:\Users\admlocal\Desktop\KI\Project\CNN v3\Conv.cpp(582,23): warning C4244: "Initialisierung": Konvertierung von "double" in "float", möglicher Datenverlust
C:\Users\admlocal\Desktop\KI\Project\CNN v3\Conv.cpp(583,75): warning C4244: "-=": Konvertierung von "double" in "_Ty", möglicher Datenverlust
          with
          [
              _Ty=float
          ]
C:\Users\admlocal\Desktop\KI\Project\CNN v3\Conv.cpp(601,10): warning C4244: "Initialisierung": Konvertierung von "unsigned int" in "float", möglicher Datenverlust
  Dense.cpp
C:\Users\admlocal\Desktop\KI\Project\CNN v3\Dense.h(20,14): warning C4305: "Initialisierung": Verkürzung von "double" in "float"
C:\Users\admlocal\Desktop\KI\Project\CNN v3\Dense.h(33,12): warning C4305: "Initialisierung": Verkürzung von "double" in "float"
C:\Users\admlocal\Desktop\KI\Project\CNN v3\Dense.h(34,13): warning C4305: "Initialisierung": Verkürzung von "double" in "float"
C:\Users\admlocal\Desktop\KI\Project\CNN v3\Dense.h(35,13): warning C4305: "Initialisierung": Verkürzung von "double" in "float"
C:\Users\admlocal\Desktop\KI\Project\CNN v3\Dense.cpp(71,48): warning C4244: "/=": Konvertierung von "double" in "_Ty", möglicher Datenverlust
          with
          [
              _Ty=float
          ]
C:\Users\admlocal\Desktop\KI\Project\CNN v3\Dense.cpp(194,50): warning C4244: "=": Konvertierung von "double" in "_Ty", möglicher Datenverlust
          with
          [
              _Ty=float
          ]
C:\Users\admlocal\Desktop\KI\Project\CNN v3\Dense.cpp(196,52): warning C4244: "=": Konvertierung von "double" in "_Ty", möglicher Datenverlust
          with
          [
              _Ty=float
          ]
C:\Users\admlocal\Desktop\KI\Project\CNN v3\Dense.cpp(199,19): warning C4244: "Initialisierung": Konvertierung von "double" in "float", möglicher Datenverlust
C:\Users\admlocal\Desktop\KI\Project\CNN v3\Dense.cpp(200,19): warning C4244: "Initialisierung": Konvertierung von "double" in "float", möglicher Datenverlust
C:\Users\admlocal\Desktop\KI\Project\CNN v3\Dense.cpp(201,20): warning C4244: "Initialisierung": Konvertierung von "double" in "float", möglicher Datenverlust
C:\Users\admlocal\Desktop\KI\Project\CNN v3\Dense.cpp(202,20): warning C4244: "Initialisierung": Konvertierung von "double" in "float", möglicher Datenverlust
C:\Users\admlocal\Desktop\KI\Project\CNN v3\Dense.cpp(203,58): warning C4244: "-=": Konvertierung von "double" in "_Ty", möglicher Datenverlust
          with
          [
              _Ty=float
          ]
C:\Users\admlocal\Desktop\KI\Project\CNN v3\Dense.cpp(205,61): warning C4244: "-=": Konvertierung von "double" in "_Ty", möglicher Datenverlust
          with
          [
              _Ty=float
          ]
C:\Users\admlocal\Desktop\KI\Project\CNN v3\Dense.cpp(211,50): warning C4244: "=": Konvertierung von "double" in "_Ty", möglicher Datenverlust
          with
          [
              _Ty=float
          ]
C:\Users\admlocal\Desktop\KI\Project\CNN v3\Dense.cpp(214,19): warning C4244: "Initialisierung": Konvertierung von "double" in "float", möglicher Datenverlust
C:\Users\admlocal\Desktop\KI\Project\CNN v3\Dense.cpp(215,19): warning C4244: "Initialisierung": Konvertierung von "double" in "float", möglicher Datenverlust
C:\Users\admlocal\Desktop\KI\Project\CNN v3\Dense.cpp(216,58): warning C4244: "-=": Konvertierung von "double" in "_Ty", möglicher Datenverlust
          with
          [
              _Ty=float
          ]
C:\Users\admlocal\Desktop\KI\Project\CNN v3\Dense.cpp(223,60): warning C4244: "=": Konvertierung von "double" in "_Ty", möglicher Datenverlust
          with
          [
              _Ty=float
          ]
C:\Users\admlocal\Desktop\KI\Project\CNN v3\Dense.cpp(228,21): warning C4244: "Initialisierung": Konvertierung von "double" in "float", möglicher Datenverlust
C:\Users\admlocal\Desktop\KI\Project\CNN v3\Dense.cpp(229,21): warning C4244: "Initialisierung": Konvertierung von "double" in "float", möglicher Datenverlust
C:\Users\admlocal\Desktop\KI\Project\CNN v3\Dense.cpp(230,68): warning C4244: "-=": Konvertierung von "double" in "_Ty", möglicher Datenverlust
          with
          [
              _Ty=float
          ]
C:\Users\admlocal\Desktop\KI\Project\CNN v3\Dense.cpp(276,10): warning C4244: "Initialisierung": Konvertierung von "unsigned int" in "float", möglicher Datenverlust
C:\Program Files (x86)\Microsoft Visual Studio\2019\Community\VC\Tools\MSVC\14.28.29910\include\xmemory(696,82): warning C4244: "Initialisierung": Konvertierung von "_Ty" in "_Objty", möglicher Datenverlust
          with
          [
              _Ty=int
          ]
          and
          [
              _Objty=float
          ]
C:\Program Files (x86)\Microsoft Visual Studio\2019\Community\VC\Tools\MSVC\14.28.29910\include\vector(689): message : Siehe Verweis auf die gerade kompilierte Instanziierung "void std::_Default_allocator_traits<_Alloc>::construct<_Ty,int>(_Alloc &,_Objty *const ,int &&)" der Funktions-Vorlage.
          with
          [
              _Alloc=std::allocator<float>,
              _Ty=float,
              _Objty=float
          ]
C:\Program Files (x86)\Microsoft Visual Studio\2019\Community\VC\Tools\MSVC\14.28.29910\include\vector(694): message : Siehe Verweis auf die gerade kompilierte Instanziierung "void std::_Default_allocator_traits<_Alloc>::construct<_Ty,int>(_Alloc &,_Objty *const ,int &&)" der Funktions-Vorlage.
          with
          [
              _Alloc=std::allocator<float>,
              _Ty=float,
              _Objty=float
          ]
C:\Program Files (x86)\Microsoft Visual Studio\2019\Community\VC\Tools\MSVC\14.28.29910\include\vector(707): message : Siehe Verweis auf die gerade kompilierte Instanziierung "_Ty &std::vector<_Ty,std::allocator<_Ty>>::_Emplace_back_with_unused_capacity<int>(int &&)" der Funktions-Vorlage.
          with
          [
              _Ty=float
          ]
C:\Users\admlocal\Desktop\KI\Project\CNN v3\Dense.cpp(168): message : Siehe Verweis auf die gerade kompilierte Instanziierung "_Ty &std::vector<_Ty,std::allocator<_Ty>>::emplace_back<int>(int &&)" der Funktions-Vorlage.
          with
          [
              _Ty=float
          ]
  FileManager.cpp
  Flatten.cpp
C:\Users\admlocal\Desktop\KI\Project\CNN v3\Conv.h(24,14): warning C4305: "Initialisierung": Verkürzung von "double" in "float"
C:\Users\admlocal\Desktop\KI\Project\CNN v3\Conv.h(25,12): warning C4305: "Initialisierung": Verkürzung von "double" in "float"
C:\Users\admlocal\Desktop\KI\Project\CNN v3\Conv.h(26,13): warning C4305: "Initialisierung": Verkürzung von "double" in "float"
C:\Users\admlocal\Desktop\KI\Project\CNN v3\Conv.h(27,13): warning C4305: "Initialisierung": Verkürzung von "double" in "float"
C:\Users\admlocal\Desktop\KI\Project\CNN v3\Flatten.cpp(38,29): warning C4018: "<": Konflikt zwischen "signed" und "unsigned"
C:\Users\admlocal\Desktop\KI\Project\CNN v3\Flatten.cpp(39,30): warning C4018: "<": Konflikt zwischen "signed" und "unsigned"
C:\Users\admlocal\Desktop\KI\Project\CNN v3\Flatten.cpp(40,31): warning C4018: "<": Konflikt zwischen "signed" und "unsigned"
  Input.cpp
C:\Users\admlocal\Desktop\KI\Project\CNN v3\Input.cpp(8,29): warning C4018: "<": Konflikt zwischen "signed" und "unsigned"
C:\Users\admlocal\Desktop\KI\Project\CNN v3\Input.cpp(10,30): warning C4018: "<": Konflikt zwischen "signed" und "unsigned"
C:\Users\admlocal\Desktop\KI\Project\CNN v3\Input.cpp(12,31): warning C4018: "<": Konflikt zwischen "signed" und "unsigned"
  jExporter.cpp
  Layer.cpp
  MathCNN.cpp
C:\Users\admlocal\Desktop\KI\Project\CNN v3\MathCNN.cpp(8,10): warning C4067: Unerwartete Token nach Präprozessordirektive - Zeilenvorschub erwartet.
C:\Users\admlocal\Desktop\KI\Project\CNN v3\MathCNN.cpp(187,20): warning C4018: "<": Konflikt zwischen "signed" und "unsigned"
C:\Users\admlocal\Desktop\KI\Project\CNN v3\MathCNN.cpp(188,37): warning C4244: "+=": Konvertierung von "double" in "float", möglicher Datenverlust
C:\Users\admlocal\Desktop\KI\Project\CNN v3\MathCNN.cpp(201,23): warning C4244: "Argument": Konvertierung von "float" in "const unsigned int", möglicher Datenverlust
C:\Users\admlocal\Desktop\KI\Project\CNN v3\MathCNN.cpp(205,30): warning C4244: "Argument": Konvertierung von "float" in "const unsigned int", möglicher Datenverlust
C:\Users\admlocal\Desktop\KI\Project\CNN v3\MathCNN.cpp(209,4): warning C4244: "Argument": Konvertierung von "float" in "const unsigned int", möglicher Datenverlust
C:\Users\admlocal\Desktop\KI\Project\CNN v3\MathCNN.cpp(210,11): warning C4244: "Argument": Konvertierung von "float" in "const unsigned int", möglicher Datenverlust
C:\Users\admlocal\Desktop\KI\Project\CNN v3\MathCNN.cpp(213,30): warning C4305: "Initialisierung": Verkürzung von "double" in "float"
C:\Users\admlocal\Desktop\KI\Project\CNN v3\MathCNN.cpp(216,18): warning C4244: "Argument": Konvertierung von "int" in "float", möglicher Datenverlust
C:\Users\admlocal\Desktop\KI\Project\CNN v3\MathCNN.cpp(216,13): warning C4244: "Initialisierung": Konvertierung von "double" in "float", möglicher Datenverlust
C:\Users\admlocal\Desktop\KI\Project\CNN v3\MathCNN.cpp(223,65): warning C4244: "return": Konvertierung von "double" in "float", möglicher Datenverlust
C:\Users\admlocal\Desktop\KI\Project\CNN v3\MathCNN.cpp(231,29): warning C4305: "Initialisierung": Verkürzung von "double" in "float"
C:\Users\admlocal\Desktop\KI\Project\CNN v3\MathCNN.cpp(232,10): warning C4244: "Initialisierung": Konvertierung von "double" in "float", möglicher Datenverlust
C:\Users\admlocal\Desktop\KI\Project\CNN v3\MathCNN.cpp(233,45): warning C4244: "-=": Konvertierung von "double" in "float", möglicher Datenverlust
C:\Users\admlocal\Desktop\KI\Project\CNN v3\MathCNN.cpp(235,74): warning C4244: "+=": Konvertierung von "double" in "float", möglicher Datenverlust
C:\Users\admlocal\Desktop\KI\Project\CNN v3\MathCNN.cpp(284,20): warning C4018: "<": Konflikt zwischen "signed" und "unsigned"
  MultiDense.cpp
C:\Users\admlocal\Desktop\KI\Project\CNN v3\MultiDense.h(17,14): warning C4305: "Initialisierung": Verkürzung von "double" in "float"
C:\Users\admlocal\Desktop\KI\Project\CNN v3\MultiDense.h(22,15): warning C4305: "Initialisierung": Verkürzung von "double" in "float"
C:\Users\admlocal\Desktop\KI\Project\CNN v3\MultiDense.h(41,12): warning C4305: "Initialisierung": Verkürzung von "double" in "float"
C:\Users\admlocal\Desktop\KI\Project\CNN v3\MultiDense.h(42,13): warning C4305: "Initialisierung": Verkürzung von "double" in "float"
C:\Users\admlocal\Desktop\KI\Project\CNN v3\MultiDense.h(43,13): warning C4305: "Initialisierung": Verkürzung von "double" in "float"
C:\Users\admlocal\Desktop\KI\Project\CNN v3\MultiDense.cpp(20,21): warning C4018: "<": Konflikt zwischen "signed" und "unsigned"
C:\Users\admlocal\Desktop\KI\Project\CNN v3\MultiDense.cpp(77,48): warning C4244: "/=": Konvertierung von "double" in "_Ty", möglicher Datenverlust
          with
          [
              _Ty=float
          ]
C:\Users\admlocal\Desktop\KI\Project\CNN v3\MultiDense.cpp(148,31): warning C4018: "<": Konflikt zwischen "signed" und "unsigned"
C:\Users\admlocal\Desktop\KI\Project\CNN v3\MultiDense.cpp(164,29): warning C4018: "<": Konflikt zwischen "signed" und "unsigned"
C:\Users\admlocal\Desktop\KI\Project\CNN v3\MultiDense.cpp(165,30): warning C4018: "<": Konflikt zwischen "signed" und "unsigned"
C:\Users\admlocal\Desktop\KI\Project\CNN v3\MultiDense.cpp(169,32): warning C4018: "<": Konflikt zwischen "signed" und "unsigned"
C:\Users\admlocal\Desktop\KI\Project\CNN v3\MultiDense.cpp(185,30): warning C4018: "<": Konflikt zwischen "signed" und "unsigned"
C:\Users\admlocal\Desktop\KI\Project\CNN v3\MultiDense.cpp(186,31): warning C4018: "<": Konflikt zwischen "signed" und "unsigned"
C:\Users\admlocal\Desktop\KI\Project\CNN v3\MultiDense.cpp(219,18): warning C4244: "=": Konvertierung von "double" in "float", möglicher Datenverlust
C:\Users\admlocal\Desktop\KI\Project\CNN v3\MultiDense.cpp(221,30): warning C4305: "Initialisierung": Verkürzung von "double" in "float"
C:\Users\admlocal\Desktop\KI\Project\CNN v3\MultiDense.cpp(225,18): warning C4244: "Initialisierung": Konvertierung von "double" in "float", möglicher Datenverlust
C:\Users\admlocal\Desktop\KI\Project\CNN v3\MultiDense.cpp(261,50): warning C4244: "=": Konvertierung von "double" in "_Ty", möglicher Datenverlust
          with
          [
              _Ty=float
          ]
C:\Users\admlocal\Desktop\KI\Project\CNN v3\MultiDense.cpp(263,52): warning C4244: "=": Konvertierung von "double" in "_Ty", möglicher Datenverlust
          with
          [
              _Ty=float
          ]
C:\Users\admlocal\Desktop\KI\Project\CNN v3\MultiDense.cpp(266,19): warning C4244: "Initialisierung": Konvertierung von "double" in "float", möglicher Datenverlust
C:\Users\admlocal\Desktop\KI\Project\CNN v3\MultiDense.cpp(267,19): warning C4244: "Initialisierung": Konvertierung von "double" in "float", möglicher Datenverlust
C:\Users\admlocal\Desktop\KI\Project\CNN v3\MultiDense.cpp(268,20): warning C4244: "Initialisierung": Konvertierung von "double" in "float", möglicher Datenverlust
C:\Users\admlocal\Desktop\KI\Project\CNN v3\MultiDense.cpp(269,20): warning C4244: "Initialisierung": Konvertierung von "double" in "float", möglicher Datenverlust
C:\Users\admlocal\Desktop\KI\Project\CNN v3\MultiDense.cpp(270,58): warning C4244: "-=": Konvertierung von "double" in "_Ty", möglicher Datenverlust
          with
          [
              _Ty=float
          ]
C:\Users\admlocal\Desktop\KI\Project\CNN v3\MultiDense.cpp(272,61): warning C4244: "-=": Konvertierung von "double" in "_Ty", möglicher Datenverlust
          with
          [
              _Ty=float
          ]
C:\Users\admlocal\Desktop\KI\Project\CNN v3\MultiDense.cpp(279,50): warning C4244: "=": Konvertierung von "double" in "_Ty", möglicher Datenverlust
          with
          [
              _Ty=float
          ]
C:\Users\admlocal\Desktop\KI\Project\CNN v3\MultiDense.cpp(282,19): warning C4244: "Initialisierung": Konvertierung von "double" in "float", möglicher Datenverlust
C:\Users\admlocal\Desktop\KI\Project\CNN v3\MultiDense.cpp(283,19): warning C4244: "Initialisierung": Konvertierung von "double" in "float", möglicher Datenverlust
C:\Users\admlocal\Desktop\KI\Project\CNN v3\MultiDense.cpp(284,58): warning C4244: "-=": Konvertierung von "double" in "_Ty", möglicher Datenverlust
          with
          [
              _Ty=float
          ]
C:\Users\admlocal\Desktop\KI\Project\CNN v3\MultiDense.cpp(290,51): warning C4244: "=": Konvertierung von "double" in "_Ty", möglicher Datenverlust
          with
          [
              _Ty=float
          ]
C:\Users\admlocal\Desktop\KI\Project\CNN v3\MultiDense.cpp(292,53): warning C4244: "=": Konvertierung von "double" in "_Ty", möglicher Datenverlust
          with
          [
              _Ty=float
          ]
C:\Users\admlocal\Desktop\KI\Project\CNN v3\MultiDense.cpp(295,19): warning C4244: "Initialisierung": Konvertierung von "double" in "float", möglicher Datenverlust
C:\Users\admlocal\Desktop\KI\Project\CNN v3\MultiDense.cpp(296,19): warning C4244: "Initialisierung": Konvertierung von "double" in "float", möglicher Datenverlust
C:\Users\admlocal\Desktop\KI\Project\CNN v3\MultiDense.cpp(297,20): warning C4244: "Initialisierung": Konvertierung von "double" in "float", möglicher Datenverlust
C:\Users\admlocal\Desktop\KI\Project\CNN v3\MultiDense.cpp(298,20): warning C4244: "Initialisierung": Konvertierung von "double" in "float", möglicher Datenverlust
C:\Users\admlocal\Desktop\KI\Project\CNN v3\MultiDense.cpp(299,60): warning C4244: "-=": Konvertierung von "double" in "_Ty", möglicher Datenverlust
          with
          [
              _Ty=float
          ]
C:\Users\admlocal\Desktop\KI\Project\CNN v3\MultiDense.cpp(300,63): warning C4244: "-=": Konvertierung von "double" in "_Ty", möglicher Datenverlust
          with
          [
              _Ty=float
          ]
C:\Users\admlocal\Desktop\KI\Project\CNN v3\MultiDense.cpp(305,64): warning C4244: "=": Konvertierung von "double" in "_Ty", möglicher Datenverlust
          with
          [
              _Ty=float
          ]
C:\Users\admlocal\Desktop\KI\Project\CNN v3\MultiDense.cpp(310,23): warning C4244: "Initialisierung": Konvertierung von "double" in "float", möglicher Datenverlust
C:\Users\admlocal\Desktop\KI\Project\CNN v3\MultiDense.cpp(311,23): warning C4244: "Initialisierung": Konvertierung von "double" in "float", möglicher Datenverlust
C:\Users\admlocal\Desktop\KI\Project\CNN v3\MultiDense.cpp(312,73): warning C4244: "-=": Konvertierung von "double" in "_Ty", möglicher Datenverlust
          with
          [
              _Ty=float
          ]
C:\Users\admlocal\Desktop\KI\Project\CNN v3\MultiDense.cpp(368,10): warning C4244: "Initialisierung": Konvertierung von "unsigned int" in "float", möglicher Datenverlust
  MultiDense2.cpp
C:\Users\admlocal\Desktop\KI\Project\CNN v3\MultiDense2.h(17,14): warning C4305: "Initialisierung": Verkürzung von "double" in "float"
C:\Users\admlocal\Desktop\KI\Project\CNN v3\MultiDense2.h(22,15): warning C4305: "Initialisierung": Verkürzung von "double" in "float"
C:\Users\admlocal\Desktop\KI\Project\CNN v3\MultiDense2.h(42,12): warning C4305: "Initialisierung": Verkürzung von "double" in "float"
C:\Users\admlocal\Desktop\KI\Project\CNN v3\MultiDense2.h(43,11): warning C4305: "Initialisierung": Verkürzung von "double" in "float"
C:\Users\admlocal\Desktop\KI\Project\CNN v3\MultiDense2.h(44,11): warning C4305: "Initialisierung": Verkürzung von "double" in "float"
C:\Users\admlocal\Desktop\KI\Project\CNN v3\MultiDense2.cpp(20,21): warning C4018: "<": Konflikt zwischen "signed" und "unsigned"
C:\Users\admlocal\Desktop\KI\Project\CNN v3\MultiDense2.cpp(79,48): warning C4244: "/=": Konvertierung von "double" in "_Ty", möglicher Datenverlust
          with
          [
              _Ty=float
          ]
C:\Users\admlocal\Desktop\KI\Project\CNN v3\MultiDense2.cpp(151,31): warning C4018: "<": Konflikt zwischen "signed" und "unsigned"
C:\Users\admlocal\Desktop\KI\Project\CNN v3\MultiDense2.cpp(166,29): warning C4018: "<": Konflikt zwischen "signed" und "unsigned"
C:\Users\admlocal\Desktop\KI\Project\CNN v3\MultiDense2.cpp(167,30): warning C4018: "<": Konflikt zwischen "signed" und "unsigned"
C:\Users\admlocal\Desktop\KI\Project\CNN v3\MultiDense2.cpp(171,32): warning C4018: "<": Konflikt zwischen "signed" und "unsigned"
C:\Users\admlocal\Desktop\KI\Project\CNN v3\MultiDense2.cpp(187,30): warning C4018: "<": Konflikt zwischen "signed" und "unsigned"
C:\Users\admlocal\Desktop\KI\Project\CNN v3\MultiDense2.cpp(188,31): warning C4018: "<": Konflikt zwischen "signed" und "unsigned"
C:\Users\admlocal\Desktop\KI\Project\CNN v3\MultiDense2.cpp(223,30): warning C4305: "Initialisierung": Verkürzung von "double" in "float"
C:\Users\admlocal\Desktop\KI\Project\CNN v3\MultiDense2.cpp(266,50): warning C4244: "=": Konvertierung von "double" in "_Ty", möglicher Datenverlust
          with
          [
              _Ty=float
          ]
C:\Users\admlocal\Desktop\KI\Project\CNN v3\MultiDense2.cpp(268,52): warning C4244: "=": Konvertierung von "double" in "_Ty", möglicher Datenverlust
          with
          [
              _Ty=float
          ]
C:\Users\admlocal\Desktop\KI\Project\CNN v3\MultiDense2.cpp(271,19): warning C4244: "Initialisierung": Konvertierung von "double" in "float", möglicher Datenverlust
C:\Users\admlocal\Desktop\KI\Project\CNN v3\MultiDense2.cpp(272,19): warning C4244: "Initialisierung": Konvertierung von "double" in "float", möglicher Datenverlust
C:\Users\admlocal\Desktop\KI\Project\CNN v3\MultiDense2.cpp(273,20): warning C4244: "Initialisierung": Konvertierung von "double" in "float", möglicher Datenverlust
C:\Users\admlocal\Desktop\KI\Project\CNN v3\MultiDense2.cpp(274,20): warning C4244: "Initialisierung": Konvertierung von "double" in "float", möglicher Datenverlust
C:\Users\admlocal\Desktop\KI\Project\CNN v3\MultiDense2.cpp(275,58): warning C4244: "-=": Konvertierung von "double" in "_Ty", möglicher Datenverlust
          with
          [
              _Ty=float
          ]
C:\Users\admlocal\Desktop\KI\Project\CNN v3\MultiDense2.cpp(277,61): warning C4244: "-=": Konvertierung von "double" in "_Ty", möglicher Datenverlust
          with
          [
              _Ty=float
          ]
C:\Users\admlocal\Desktop\KI\Project\CNN v3\MultiDense2.cpp(284,50): warning C4244: "=": Konvertierung von "double" in "_Ty", möglicher Datenverlust
          with
          [
              _Ty=float
          ]
C:\Users\admlocal\Desktop\KI\Project\CNN v3\MultiDense2.cpp(287,19): warning C4244: "Initialisierung": Konvertierung von "double" in "float", möglicher Datenverlust
C:\Users\admlocal\Desktop\KI\Project\CNN v3\MultiDense2.cpp(288,19): warning C4244: "Initialisierung": Konvertierung von "double" in "float", möglicher Datenverlust
C:\Users\admlocal\Desktop\KI\Project\CNN v3\MultiDense2.cpp(289,58): warning C4244: "-=": Konvertierung von "double" in "_Ty", möglicher Datenverlust
          with
          [
              _Ty=float
          ]
C:\Users\admlocal\Desktop\KI\Project\CNN v3\MultiDense2.cpp(295,51): warning C4244: "=": Konvertierung von "double" in "_Ty", möglicher Datenverlust
          with
          [
              _Ty=float
          ]
C:\Users\admlocal\Desktop\KI\Project\CNN v3\MultiDense2.cpp(297,53): warning C4244: "=": Konvertierung von "double" in "_Ty", möglicher Datenverlust
          with
          [
              _Ty=float
          ]
C:\Users\admlocal\Desktop\KI\Project\CNN v3\MultiDense2.cpp(300,19): warning C4244: "Initialisierung": Konvertierung von "double" in "float", möglicher Datenverlust
C:\Users\admlocal\Desktop\KI\Project\CNN v3\MultiDense2.cpp(301,19): warning C4244: "Initialisierung": Konvertierung von "double" in "float", möglicher Datenverlust
C:\Users\admlocal\Desktop\KI\Project\CNN v3\MultiDense2.cpp(302,20): warning C4244: "Initialisierung": Konvertierung von "double" in "float", möglicher Datenverlust
C:\Users\admlocal\Desktop\KI\Project\CNN v3\MultiDense2.cpp(303,20): warning C4244: "Initialisierung": Konvertierung von "double" in "float", möglicher Datenverlust
C:\Users\admlocal\Desktop\KI\Project\CNN v3\MultiDense2.cpp(304,60): warning C4244: "-=": Konvertierung von "double" in "_Ty", möglicher Datenverlust
          with
          [
              _Ty=float
          ]
C:\Users\admlocal\Desktop\KI\Project\CNN v3\MultiDense2.cpp(305,63): warning C4244: "-=": Konvertierung von "double" in "_Ty", möglicher Datenverlust
          with
          [
              _Ty=float
          ]
C:\Users\admlocal\Desktop\KI\Project\CNN v3\MultiDense2.cpp(310,64): warning C4244: "=": Konvertierung von "double" in "_Ty", möglicher Datenverlust
          with
          [
              _Ty=float
          ]
C:\Users\admlocal\Desktop\KI\Project\CNN v3\MultiDense2.cpp(315,23): warning C4244: "Initialisierung": Konvertierung von "double" in "float", möglicher Datenverlust
C:\Users\admlocal\Desktop\KI\Project\CNN v3\MultiDense2.cpp(316,23): warning C4244: "Initialisierung": Konvertierung von "double" in "float", möglicher Datenverlust
C:\Users\admlocal\Desktop\KI\Project\CNN v3\MultiDense2.cpp(317,73): warning C4244: "-=": Konvertierung von "double" in "_Ty", möglicher Datenverlust
          with
          [
              _Ty=float
          ]
C:\Users\admlocal\Desktop\KI\Project\CNN v3\MultiDense2.cpp(373,10): warning C4244: "Initialisierung": Konvertierung von "unsigned int" in "float", möglicher Datenverlust
  MultiDenseInput.cpp
C:\Users\admlocal\Desktop\KI\Project\CNN v3\MultiDenseInput.h(17,15): warning C4305: "Initialisierung": Verkürzung von "double" in "float"
C:\Users\admlocal\Desktop\KI\Project\CNN v3\MultiDenseInput.h(19,12): warning C4305: "Initialisierung": Verkürzung von "double" in "float"
C:\Users\admlocal\Desktop\KI\Project\CNN v3\MultiDenseInput.h(20,11): warning C4305: "Initialisierung": Verkürzung von "double" in "float"
C:\Users\admlocal\Desktop\KI\Project\CNN v3\MultiDenseInput.h(21,11): warning C4305: "Initialisierung": Verkürzung von "double" in "float"
C:\Users\admlocal\Desktop\KI\Project\CNN v3\MultiDenseInput.cpp(18,29): warning C4018: "<": Konflikt zwischen "signed" und "unsigned"
C:\Users\admlocal\Desktop\KI\Project\CNN v3\MultiDenseInput.cpp(19,30): warning C4018: "<": Konflikt zwischen "signed" und "unsigned"
C:\Users\admlocal\Desktop\KI\Project\CNN v3\MultiDenseInput.cpp(55,30): warning C4018: "<": Konflikt zwischen "signed" und "unsigned"
C:\Users\admlocal\Desktop\KI\Project\CNN v3\MultiDenseInput.cpp(56,31): warning C4018: "<": Konflikt zwischen "signed" und "unsigned"
C:\Users\admlocal\Desktop\KI\Project\CNN v3\MultiDenseInput.cpp(75,64): warning C4244: "=": Konvertierung von "double" in "_Ty", möglicher Datenverlust
          with
          [
              _Ty=float
          ]
C:\Users\admlocal\Desktop\KI\Project\CNN v3\MultiDenseInput.cpp(80,23): warning C4244: "Initialisierung": Konvertierung von "double" in "float", möglicher Datenverlust
C:\Users\admlocal\Desktop\KI\Project\CNN v3\MultiDenseInput.cpp(81,23): warning C4244: "Initialisierung": Konvertierung von "double" in "float", möglicher Datenverlust
C:\Users\admlocal\Desktop\KI\Project\CNN v3\MultiDenseInput.cpp(82,73): warning C4244: "-=": Konvertierung von "double" in "_Ty", möglicher Datenverlust
          with
          [
              _Ty=float
          ]
  Network.cpp
C:\Users\admlocal\Desktop\KI\Project\CNN v3\Dense.h(20,14): warning C4305: "Initialisierung": Verkürzung von "double" in "float"
C:\Users\admlocal\Desktop\KI\Project\CNN v3\Dense.h(33,12): warning C4305: "Initialisierung": Verkürzung von "double" in "float"
C:\Users\admlocal\Desktop\KI\Project\CNN v3\Dense.h(34,13): warning C4305: "Initialisierung": Verkürzung von "double" in "float"
C:\Users\admlocal\Desktop\KI\Project\CNN v3\Dense.h(35,13): warning C4305: "Initialisierung": Verkürzung von "double" in "float"
C:\Users\admlocal\Desktop\KI\Project\CNN v3\Conv.h(24,14): warning C4305: "Initialisierung": Verkürzung von "double" in "float"
C:\Users\admlocal\Desktop\KI\Project\CNN v3\Conv.h(25,12): warning C4305: "Initialisierung": Verkürzung von "double" in "float"
C:\Users\admlocal\Desktop\KI\Project\CNN v3\Conv.h(26,13): warning C4305: "Initialisierung": Verkürzung von "double" in "float"
C:\Users\admlocal\Desktop\KI\Project\CNN v3\Conv.h(27,13): warning C4305: "Initialisierung": Verkürzung von "double" in "float"
C:\Users\admlocal\Desktop\KI\Project\CNN v3\MultiDense.h(17,14): warning C4305: "Initialisierung": Verkürzung von "double" in "float"
C:\Users\admlocal\Desktop\KI\Project\CNN v3\MultiDense.h(22,15): warning C4305: "Initialisierung": Verkürzung von "double" in "float"
C:\Users\admlocal\Desktop\KI\Project\CNN v3\MultiDense.h(41,12): warning C4305: "Initialisierung": Verkürzung von "double" in "float"
C:\Users\admlocal\Desktop\KI\Project\CNN v3\MultiDense.h(42,13): warning C4305: "Initialisierung": Verkürzung von "double" in "float"
C:\Users\admlocal\Desktop\KI\Project\CNN v3\MultiDense.h(43,13): warning C4305: "Initialisierung": Verkürzung von "double" in "float"
C:\Users\admlocal\Desktop\KI\Project\CNN v3\MultiDense2.h(17,14): warning C4305: "Initialisierung": Verkürzung von "double" in "float"
C:\Users\admlocal\Desktop\KI\Project\CNN v3\MultiDense2.h(22,15): warning C4305: "Initialisierung": Verkürzung von "double" in "float"
C:\Users\admlocal\Desktop\KI\Project\CNN v3\MultiDense2.h(42,12): warning C4305: "Initialisierung": Verkürzung von "double" in "float"
C:\Users\admlocal\Desktop\KI\Project\CNN v3\MultiDense2.h(43,11): warning C4305: "Initialisierung": Verkürzung von "double" in "float"
C:\Users\admlocal\Desktop\KI\Project\CNN v3\MultiDense2.h(44,11): warning C4305: "Initialisierung": Verkürzung von "double" in "float"
C:\Users\admlocal\Desktop\KI\Project\CNN v3\MultiDenseInput.h(17,15): warning C4305: "Initialisierung": Verkürzung von "double" in "float"
C:\Users\admlocal\Desktop\KI\Project\CNN v3\MultiDenseInput.h(19,12): warning C4305: "Initialisierung": Verkürzung von "double" in "float"
C:\Users\admlocal\Desktop\KI\Project\CNN v3\MultiDenseInput.h(20,11): warning C4305: "Initialisierung": Verkürzung von "double" in "float"
C:\Users\admlocal\Desktop\KI\Project\CNN v3\MultiDenseInput.h(21,11): warning C4305: "Initialisierung": Verkürzung von "double" in "float"
C:\Users\admlocal\Desktop\KI\Project\CNN v3\Network.cpp(346,11): warning C4244: "Initialisierung": Konvertierung von "float" in "int", möglicher Datenverlust
C:\Users\admlocal\Desktop\KI\Project\CNN v3\Network.cpp(347,11): warning C4244: "Initialisierung": Konvertierung von "float" in "int", möglicher Datenverlust
C:\Users\admlocal\Desktop\KI\Project\CNN v3\Network.cpp(488,48): warning C4244: "+=": Konvertierung von "double" in "float", möglicher Datenverlust
  Pooling.cpp
C:\Users\admlocal\Desktop\KI\Project\CNN v3\Pooling.cpp(23,30): warning C4018: "<": Konflikt zwischen "signed" und "unsigned"
C:\Users\admlocal\Desktop\KI\Project\CNN v3\Pooling.cpp(24,31): warning C4018: "<": Konflikt zwischen "signed" und "unsigned"
C:\Users\admlocal\Desktop\KI\Project\CNN v3\Pooling.cpp(25,32): warning C4018: "<": Konflikt zwischen "signed" und "unsigned"
C:\Users\admlocal\Desktop\KI\Project\CNN v3\Pooling.cpp(27,35): warning C4018: "<": Konflikt zwischen "signed" und "unsigned"
C:\Users\admlocal\Desktop\KI\Project\CNN v3\Pooling.cpp(28,36): warning C4018: "<": Konflikt zwischen "signed" und "unsigned"
C:\Users\admlocal\Desktop\KI\Project\CNN v3\Pooling.cpp(47,30): warning C4018: "<": Konflikt zwischen "signed" und "unsigned"
C:\Users\admlocal\Desktop\KI\Project\CNN v3\Pooling.cpp(48,31): warning C4018: "<": Konflikt zwischen "signed" und "unsigned"
C:\Users\admlocal\Desktop\KI\Project\CNN v3\Pooling.cpp(49,32): warning C4018: "<": Konflikt zwischen "signed" und "unsigned"
C:\Users\admlocal\Desktop\KI\Project\CNN v3\Pooling.cpp(50,35): warning C4018: "<": Konflikt zwischen "signed" und "unsigned"
C:\Users\admlocal\Desktop\KI\Project\CNN v3\Pooling.cpp(51,36): warning C4018: "<": Konflikt zwischen "signed" und "unsigned"
  Softmax.cpp
C:\Users\admlocal\Desktop\KI\Project\CNN v3\Dense.h(20,14): warning C4305: "Initialisierung": Verkürzung von "double" in "float"
C:\Users\admlocal\Desktop\KI\Project\CNN v3\Dense.h(33,12): warning C4305: "Initialisierung": Verkürzung von "double" in "float"
C:\Users\admlocal\Desktop\KI\Project\CNN v3\Dense.h(34,13): warning C4305: "Initialisierung": Verkürzung von "double" in "float"
C:\Users\admlocal\Desktop\KI\Project\CNN v3\Dense.h(35,13): warning C4305: "Initialisierung": Verkürzung von "double" in "float"
  Trainer.cpp
C:\Users\admlocal\Desktop\KI\Project\CNN v3\Dense.h(20,14): warning C4305: "Initialisierung": Verkürzung von "double" in "float"
C:\Users\admlocal\Desktop\KI\Project\CNN v3\Dense.h(33,12): warning C4305: "Initialisierung": Verkürzung von "double" in "float"
C:\Users\admlocal\Desktop\KI\Project\CNN v3\Dense.h(34,13): warning C4305: "Initialisierung": Verkürzung von "double" in "float"
C:\Users\admlocal\Desktop\KI\Project\CNN v3\Dense.h(35,13): warning C4305: "Initialisierung": Verkürzung von "double" in "float"
C:\Users\admlocal\Desktop\KI\Project\CNN v3\Conv.h(24,14): warning C4305: "Initialisierung": Verkürzung von "double" in "float"
C:\Users\admlocal\Desktop\KI\Project\CNN v3\Conv.h(25,12): warning C4305: "Initialisierung": Verkürzung von "double" in "float"
C:\Users\admlocal\Desktop\KI\Project\CNN v3\Conv.h(26,13): warning C4305: "Initialisierung": Verkürzung von "double" in "float"
C:\Users\admlocal\Desktop\KI\Project\CNN v3\Conv.h(27,13): warning C4305: "Initialisierung": Verkürzung von "double" in "float"
C:\Users\admlocal\Desktop\KI\Project\CNN v3\MultiDense.h(17,14): warning C4305: "Initialisierung": Verkürzung von "double" in "float"
C:\Users\admlocal\Desktop\KI\Project\CNN v3\MultiDense.h(22,15): warning C4305: "Initialisierung": Verkürzung von "double" in "float"
C:\Users\admlocal\Desktop\KI\Project\CNN v3\MultiDense.h(41,12): warning C4305: "Initialisierung": Verkürzung von "double" in "float"
C:\Users\admlocal\Desktop\KI\Project\CNN v3\MultiDense.h(42,13): warning C4305: "Initialisierung": Verkürzung von "double" in "float"
C:\Users\admlocal\Desktop\KI\Project\CNN v3\MultiDense.h(43,13): warning C4305: "Initialisierung": Verkürzung von "double" in "float"
C:\Users\admlocal\Desktop\KI\Project\CNN v3\MultiDense2.h(17,14): warning C4305: "Initialisierung": Verkürzung von "double" in "float"
C:\Users\admlocal\Desktop\KI\Project\CNN v3\MultiDense2.h(22,15): warning C4305: "Initialisierung": Verkürzung von "double" in "float"
C:\Users\admlocal\Desktop\KI\Project\CNN v3\MultiDense2.h(42,12): warning C4305: "Initialisierung": Verkürzung von "double" in "float"
C:\Users\admlocal\Desktop\KI\Project\CNN v3\MultiDense2.h(43,11): warning C4305: "Initialisierung": Verkürzung von "double" in "float"
C:\Users\admlocal\Desktop\KI\Project\CNN v3\MultiDense2.h(44,11): warning C4305: "Initialisierung": Verkürzung von "double" in "float"
C:\Users\admlocal\Desktop\KI\Project\CNN v3\MultiDenseInput.h(17,15): warning C4305: "Initialisierung": Verkürzung von "double" in "float"
C:\Users\admlocal\Desktop\KI\Project\CNN v3\MultiDenseInput.h(19,12): warning C4305: "Initialisierung": Verkürzung von "double" in "float"
C:\Users\admlocal\Desktop\KI\Project\CNN v3\MultiDenseInput.h(20,11): warning C4305: "Initialisierung": Verkürzung von "double" in "float"
C:\Users\admlocal\Desktop\KI\Project\CNN v3\MultiDenseInput.h(21,11): warning C4305: "Initialisierung": Verkürzung von "double" in "float"
C:\Users\admlocal\Desktop\KI\Project\CNN v3\Trainer.cpp(93,27): warning C4018: ">=": Konflikt zwischen "signed" und "unsigned"
C:\Users\admlocal\Desktop\KI\Project\CNN v3\Trainer.cpp(94,58): warning C4018: "<=": Konflikt zwischen "signed" und "unsigned"
C:\Users\admlocal\Desktop\KI\Project\CNN v3\Trainer.cpp(103,36): warning C4018: "<": Konflikt zwischen "signed" und "unsigned"
C:\Users\admlocal\Desktop\KI\Project\CNN v3\Trainer.cpp(113,15): warning C4244: "Argument": Konvertierung von "time_t" in "unsigned int", möglicher Datenverlust
C:\Users\admlocal\Desktop\KI\Project\CNN v3\Trainer.cpp(125,40): warning C4018: "<": Konflikt zwischen "signed" und "unsigned"
  Code wird generiert...
  LINK : C:\Users\admlocal\Desktop\KI\Project\CNN v3\Debug\CNN v2.exe wurde nicht gefunden oder beim letzten inkrementellen Linkvorgang nicht erstellt; vollständiger Link wird durchgeführt.
  CNN v2.vcxproj -> C:\Users\admlocal\Desktop\KI\Project\CNN v3\Debug\CNN v2.exe
